[0.00000] [Error] Server configuration doesn't meet the requirements. Please contact your server administrator or hosting provider to address the issues described below
[0.00000] [Error] Missing param Database backend
[0.00000] [Error] Server configuration doesn't meet the requirements. Please contact your server administrator or hosting provider to address the issues described below
[0.00000] [Error] Server configuration doesn't meet the requirements. Please contact your server administrator or hosting provider to address the issues described below
[0.00000] [Error] Server configuration doesn't meet the requirements. Please contact your server administrator or hosting provider to address the issues described below
[0.00000] [Error] Server configuration doesn't meet the requirements. Please contact your server administrator or hosting provider to address the issues described below
[0.00000] [Error] Server configuration doesn't meet the requirements. Please contact your server administrator or hosting provider to address the issues described below
[0.00000] [Error] Server configuration doesn't meet the requirements. Please contact your server administrator or hosting provider to address the issues described below
[0.00000] [Error] Server configuration doesn't meet the requirements. Please contact your server administrator or hosting provider to address the issues described below
[0.00000] [Error] Server configuration doesn't meet the requirements. Please contact your server administrator or hosting provider to address the issues described below
[0.00000] [Error] Server configuration doesn't meet the requirements. Please contact your server administrator or hosting provider to address the issues described below
[0.00000] [Error] Server configuration doesn't meet the requirements. Please contact your server administrator or hosting provider to address the issues described below
[0.00000] [Error] Server configuration doesn't meet the requirements. Please contact your server administrator or hosting provider to address the issues described below
[0.00000] [Error] Server configuration doesn't meet the requirements. Please contact your server administrator or hosting provider to address the issues described below
[0.00000] [Error] Server configuration doesn't meet the requirements. Please contact your server administrator or hosting provider to address the issues described below
[0.00000] [Error] Server configuration doesn't meet the requirements. Please contact your server administrator or hosting provider to address the issues described below
[0.00000] [Error] Server configuration doesn't meet the requirements. Please contact your server administrator or hosting provider to address the issues described below
[0.00000] [Error] Server configuration doesn't meet the requirements. Please contact your server administrator or hosting provider to address the issues described below
[0.00000] [Error] Server configuration doesn't meet the requirements. Please contact your server administrator or hosting provider to address the issues described below
[0.00000] [Error] Server configuration doesn't meet the requirements. Please contact your server administrator or hosting provider to address the issues described below
[0.00000] [Error] Server configuration doesn't meet the requirements. Please contact your server administrator or hosting provider to address the issues described below
[0.00000] [Notice] Creating database scheme
[1.36454] [Notice] Redirecting. Do not refresh the page!
[0.00000] [Notice] Importing data
[3.24717] [Notice] Redirecting. Do not refresh the page!
[0.00000] [Notice] Creating demo
[4.16407] [Notice] Redirecting. Do not refresh the page!
[0.00000] [Notice] Installing additional language en
[2.60733] [Notice] Installing additional language en
[3.84556] [Notice] Redirecting. Do not refresh the page!
